<?xml version="1.0" encoding="UTF-8"?>
<!-- Generated by org.testng.reporters.JUnitXMLReporter -->
<testsuite ignored="0" hostname="DESKTOP-EP940H8" failures="0" tests="3" name="Default test" time="32.72" errors="0" timestamp="2024-02-04T20:57:44 IST">
  <testcase classname="Rahulshettyacademy.tests.SubmitOrderTest" name="SubmitOrder" time="7.01"/>
  <testcase classname="Rahulshettyacademy.tests.SubmitOrderTest" name="SubmitOrder" time="5.823"/>
  <testcase classname="Rahulshettyacademy.tests.SubmitOrderTest" name="Orderlist" time="0.899"/>
</testsuite> <!-- Default test -->
