<?xml version="1.0" encoding="UTF-8"?>
<!-- Generated by org.testng.reporters.JUnitXMLReporter -->
<testsuite ignored="0" hostname="DESKTOP-EP940H8" failures="0" tests="3" name="Submit Order Test" time="30.761" errors="0" timestamp="2024-02-15T17:25:51 IST">
  <testcase classname="Rahulshettyacademy.tests.SubmitOrderTest" name="SubmitOrder" time="6.267"/>
  <testcase classname="Rahulshettyacademy.tests.SubmitOrderTest" name="SubmitOrder" time="5.442"/>
  <testcase classname="Rahulshettyacademy.tests.SubmitOrderTest" name="Orderlist" time="0.809"/>
</testsuite> <!-- Submit Order Test -->
