<?xml version="1.0" encoding="UTF-8"?>
<!-- Generated by org.testng.reporters.JUnitXMLReporter -->
<testsuite ignored="0" hostname="DESKTOP-EP940H8" failures="0" tests="3" name="Submit Order Test" time="29.135" errors="0" timestamp="2024-02-17T11:45:29 IST">
  <testcase classname="Rahulshettyacademy.tests.SubmitOrderTest" name="SubmitOrder" time="6.883"/>
  <testcase classname="Rahulshettyacademy.tests.SubmitOrderTest" name="SubmitOrder" time="5.922"/>
  <testcase classname="Rahulshettyacademy.tests.SubmitOrderTest" name="Orderlist" time="1.126"/>
</testsuite> <!-- Submit Order Test -->
