<?xml version="1.0" encoding="UTF-8"?>
<testng-results ignored="0" total="4" passed="4" failed="0" skipped="0">
  <reporter-output>
  </reporter-output>
  <suite started-at="2024-02-15T17:25:20 IST" name="Suite" finished-at="2024-02-15T17:25:51 IST" duration-ms="30761">
    <groups>
      <group name="purchase">
        <method signature="SubmitOrderTest.SubmitOrder(java.util.HashMap)[pri:0, instance:Rahulshettyacademy.tests.SubmitOrderTest@43c87306]" name="SubmitOrder" class="Rahulshettyacademy.tests.SubmitOrderTest"/>
      </group> <!-- purchase -->
    </groups>
    <test started-at="2024-02-15T17:25:20 IST" name="Error_validation Test" finished-at="2024-02-15T17:25:37 IST" duration-ms="16906">
      <class name="Rahulshettyacademy.tests.Error_validation">
        <test-method is-config="true" signature="launchapplication()[pri:0, instance:Rahulshettyacademy.tests.Error_validation@60d6fdd4]" started-at="2024-02-15T17:25:20 IST" name="launchapplication" finished-at="2024-02-15T17:25:30 IST" duration-ms="9692" status="PASS">
          <reporter-output>
          </reporter-output>
        </test-method> <!-- launchapplication -->
        <test-method signature="errorOrder()[pri:0, instance:Rahulshettyacademy.tests.Error_validation@60d6fdd4]" started-at="2024-02-15T17:25:30 IST" name="errorOrder" finished-at="2024-02-15T17:25:37 IST" duration-ms="7049" status="PASS">
          <reporter-output>
          </reporter-output>
        </test-method> <!-- errorOrder -->
      </class> <!-- Rahulshettyacademy.tests.Error_validation -->
    </test> <!-- Error_validation Test -->
    <test started-at="2024-02-15T17:25:20 IST" name="Submit Order Test" finished-at="2024-02-15T17:25:51 IST" duration-ms="30761">
      <class name="Rahulshettyacademy.tests.SubmitOrderTest">
        <test-method is-config="true" signature="launchapplication()[pri:0, instance:Rahulshettyacademy.tests.SubmitOrderTest@43c87306]" started-at="2024-02-15T17:25:22 IST" name="launchapplication" finished-at="2024-02-15T17:25:33 IST" duration-ms="11498" status="PASS">
          <reporter-output>
          </reporter-output>
        </test-method> <!-- launchapplication -->
        <test-method signature="SubmitOrder(java.util.HashMap)[pri:0, instance:Rahulshettyacademy.tests.SubmitOrderTest@43c87306]" started-at="2024-02-15T17:25:33 IST" name="SubmitOrder" data-provider="getData" finished-at="2024-02-15T17:25:40 IST" duration-ms="6267" status="PASS">
          <params>
            <param index="0">
              <value>
                <![CDATA[{productname=ZARA COAT 3, password=Iamking@000, email=anshika@gmail.com}]]>
              </value>
            </param>
          </params>
          <reporter-output>
          </reporter-output>
        </test-method> <!-- SubmitOrder -->
        <test-method is-config="true" signature="launchapplication()[pri:0, instance:Rahulshettyacademy.tests.SubmitOrderTest@43c87306]" started-at="2024-02-15T17:25:40 IST" name="launchapplication" finished-at="2024-02-15T17:25:43 IST" duration-ms="3122" status="PASS">
          <reporter-output>
          </reporter-output>
        </test-method> <!-- launchapplication -->
        <test-method signature="SubmitOrder(java.util.HashMap)[pri:0, instance:Rahulshettyacademy.tests.SubmitOrderTest@43c87306]" started-at="2024-02-15T17:25:43 IST" name="SubmitOrder" data-provider="getData" finished-at="2024-02-15T17:25:48 IST" duration-ms="5442" status="PASS">
          <params>
            <param index="0">
              <value>
                <![CDATA[{productname=ADIDAS ORIGINAL, password=Iamking@000, email=shetty@gmail.com}]]>
              </value>
            </param>
          </params>
          <reporter-output>
          </reporter-output>
        </test-method> <!-- SubmitOrder -->
        <test-method is-config="true" signature="launchapplication()[pri:0, instance:Rahulshettyacademy.tests.SubmitOrderTest@43c87306]" started-at="2024-02-15T17:25:48 IST" name="launchapplication" finished-at="2024-02-15T17:25:50 IST" duration-ms="1818" status="PASS">
          <reporter-output>
          </reporter-output>
        </test-method> <!-- launchapplication -->
        <test-method signature="Orderlist()[pri:0, instance:Rahulshettyacademy.tests.SubmitOrderTest@43c87306]" started-at="2024-02-15T17:25:50 IST" name="Orderlist" finished-at="2024-02-15T17:25:51 IST" depends-on-methods="Rahulshettyacademy.tests.SubmitOrderTest.SubmitOrder" duration-ms="809" status="PASS">
          <reporter-output>
          </reporter-output>
        </test-method> <!-- Orderlist -->
      </class> <!-- Rahulshettyacademy.tests.SubmitOrderTest -->
    </test> <!-- Submit Order Test -->
  </suite> <!-- Suite -->
</testng-results>
